[debug] [2025-10-27T14:26:43.780Z] ----------------------------------------------------------------------
[debug] [2025-10-27T14:26:43.783Z] Command:       /nix/store/ws50yvm6vzlzf7jzz6n7xh4szddrack1-nodejs-20.19.1/bin/node /nix/store/i78h9v2gl6qg2w9646hi06syn3hbv4kj-firebase-tools-14.19.1/lib/node_modules/firebase-tools/lib/bin/firebase.js init hosting
[debug] [2025-10-27T14:26:43.783Z] CLI Version:   14.19.1
[debug] [2025-10-27T14:26:43.784Z] Platform:      linux
[debug] [2025-10-27T14:26:43.784Z] Node Version:  v20.19.1
[debug] [2025-10-27T14:26:43.784Z] Time:          Mon Oct 27 2025 14:26:43 GMT+0000 (Coordinated Universal Time)
[debug] [2025-10-27T14:26:43.784Z] ----------------------------------------------------------------------
[debug] 
[debug] [2025-10-27T14:26:43.790Z] No OAuth tokens found
[debug] [2025-10-27T14:26:43.790Z] No OAuth tokens found
[error] Failed to fetch Firebase Project from current Studio Workspace: Unable to refresh auth: not yet authenticated.
[info] 
     ######## #### ########  ######## ########     ###     ######  ########
     ##        ##  ##     ## ##       ##     ##  ##   ##  ##       ##
     ######    ##  ########  ######   ########  #########  ######  ######
     ##        ##  ##    ##  ##       ##     ## ##     ##       ## ##
     ##       #### ##     ## ######## ########  ##     ##  ######  ########

You're about to initialize a Firebase project in this directory:

  /home/user/studio

[info] 
=== Project Setup
[info] 
[info] First, let's associate this project directory with a Firebase project.
[info] You can create multiple project aliases by running firebase use --add, 
[info] 
